  EnemyArriveFast.cpp
C:\Users\labuser\Desktop\Ai Games - Oisin\AI_Games\Lab 3\Lab 3\EnemyBase.h(67,19): warning C4305: 'initializing': truncation from 'double' to 'const float'
  EnemyArriveSlow.cpp
C:\Users\labuser\Desktop\Ai Games - Oisin\AI_Games\Lab 3\Lab 3\EnemyBase.h(67,19): warning C4305: 'initializing': truncation from 'double' to 'const float'
C:\Users\labuser\Desktop\Ai Games - Oisin\AI_Games\Lab 3\Lab 3\EnemyArriveSlow.cpp(88,14): warning C4244: 'initializing': conversion from 'double' to 'float', possible loss of data
  EnemyBase.cpp
C:\Users\labuser\Desktop\Ai Games - Oisin\AI_Games\Lab 3\Lab 3\EnemyBase.h(67,19): warning C4305: 'initializing': truncation from 'double' to 'const float'
C:\Users\labuser\Desktop\Ai Games - Oisin\AI_Games\Lab 3\Lab 3\EnemyBase.cpp(50,109): warning C4244: 'argument': conversion from 'int' to 'float', possible loss of data
C:\Users\labuser\Desktop\Ai Games - Oisin\AI_Games\Lab 3\Lab 3\EnemyBase.cpp(50,66): warning C4244: 'argument': conversion from 'int' to 'float', possible loss of data
C:\Users\labuser\Desktop\Ai Games - Oisin\AI_Games\Lab 3\Lab 3\EnemyBase.cpp(51,33): warning C4305: 'argument': truncation from 'double' to 'float'
C:\Users\labuser\Desktop\Ai Games - Oisin\AI_Games\Lab 3\Lab 3\EnemyBase.cpp(51,28): warning C4305: 'argument': truncation from 'double' to 'float'
  EnemyPursue.cpp
C:\Users\labuser\Desktop\Ai Games - Oisin\AI_Games\Lab 3\Lab 3\EnemyBase.h(67,19): warning C4305: 'initializing': truncation from 'double' to 'const float'
C:\Users\labuser\Desktop\Ai Games - Oisin\AI_Games\Lab 3\Lab 3\EnemyPursue.cpp(79,17): warning C4244: 'initializing': conversion from 'double' to 'float', possible loss of data
  EnemySeek.cpp
C:\Users\labuser\Desktop\Ai Games - Oisin\AI_Games\Lab 3\Lab 3\EnemyBase.h(67,19): warning C4305: 'initializing': truncation from 'double' to 'const float'
C:\Users\labuser\Desktop\Ai Games - Oisin\AI_Games\Lab 3\Lab 3\EnemySeek.cpp(61,14): warning C4244: 'initializing': conversion from 'double' to 'float', possible loss of data
  EnemyWander.cpp
C:\Users\labuser\Desktop\Ai Games - Oisin\AI_Games\Lab 3\Lab 3\EnemyBase.h(67,19): warning C4305: 'initializing': truncation from 'double' to 'const float'
C:\Users\labuser\Desktop\Ai Games - Oisin\AI_Games\Lab 3\Lab 3\EnemyWander.cpp(69,17): warning C4244: 'initializing': conversion from 'double' to 'float', possible loss of data
  Game.cpp
C:\Users\labuser\Desktop\Ai Games - Oisin\AI_Games\Lab 3\Lab 3\EnemyBase.h(67,19): warning C4305: 'initializing': truncation from 'double' to 'const float'
  Player.cpp
C:\Users\labuser\Desktop\Ai Games - Oisin\AI_Games\Lab 3\Lab 3\Player.cpp(64,109): warning C4244: 'argument': conversion from 'int' to 'float', possible loss of data
C:\Users\labuser\Desktop\Ai Games - Oisin\AI_Games\Lab 3\Lab 3\Player.cpp(64,65): warning C4244: 'argument': conversion from 'int' to 'float', possible loss of data
  main.cpp
C:\Users\labuser\Desktop\Ai Games - Oisin\AI_Games\Lab 3\Lab 3\EnemyBase.h(67,19): warning C4305: 'initializing': truncation from 'double' to 'const float'
  Generating Code...
  Lab 3.vcxproj -> C:\Users\labuser\Desktop\Ai Games - Oisin\AI_Games\Lab 3\x64\Debug\Lab 3.exe
